---Dinero IV cache simulator, version 7
---Written by Jan Edler and Mark D. Hill
---Copyright (C) 1997 NEC Research Institute, Inc. and Mark D. Hill.
---All rights reserved.
---Copyright (C) 1985, 1989 Mark D. Hill.  All rights reserved.
---See -copyright option for details

---Summary of options (-help option gives usage information).

-l1-isize 8192
-l1-dsize 262144
-l1-ibsize 16
-l1-dbsize 64
-l1-isbsize 16
-l1-dsbsize 64
-l1-iassoc 1
-l1-dassoc 4096
-l1-irepl f
-l1-drepl l
-l1-ifetch d
-l1-dfetch d
-l1-dwalloc a
-l1-dwback a
-l1-iccc
-l1-dccc
-skipcount 0
-flushcount 0
-maxcount 0
-stat-interval 0
-informat d
-on-trigger 0x0
-off-trigger 0x0

---Simulation begins.
---Simulation complete.
l1-icache
 Metrics		      Total	      Instrn	       Data	       Read	      Write	       Misc
 -----------------	      ------	      ------	      ------	      ------	      ------	      ------
 Demand Fetches		           0	           0	           0	           0	           0	           0
  Fraction of total	      0.0000	      0.0000	      0.0000	      0.0000	      0.0000	      0.0000

 Demand Misses		           0	           0	           0	           0	           0	           0
  Demand miss rate	      0.0000	      0.0000	      0.0000	      0.0000	      0.0000	      0.0000
   Compulsory misses	           0	           0	           0	           0	           0	           0
   Capacity misses	           0	           0	           0	           0	           0	           0
   Conflict misses	           0	           0	           0	           0	           0	           0
   Compulsory fraction	      0.0000	      0.0000	      0.0000	      0.0000	      0.0000	      0.0000
   Capacity fraction	      0.0000	      0.0000	      0.0000	      0.0000	      0.0000	      0.0000
   Conflict fraction	      0.0000	      0.0000	      0.0000	      0.0000	      0.0000	      0.0000

 Multi-block refs                 0
 Bytes From Memory	           0
 ( / Demand Fetches)	      0.0000
 Bytes To Memory	           0
 ( / Demand Writes)	      0.0000
 Total Bytes r/w Mem	           0
 ( / Demand Fetches)	      0.0000

l1-dcache
 Metrics		      Total	      Instrn	       Data	       Read	      Write	       Misc
 -----------------	      ------	      ------	      ------	      ------	      ------	      ------
 Demand Fetches		   336420864	           0	   336420864	   224280576	   112140288	           0
  Fraction of total	      1.0000	      0.0000	      1.0000	      0.6667	      0.3333	      0.0000

 Demand Misses		      326796	           0	      326796	       67212	      259584	           0
  Demand miss rate	      0.0010	      0.0000	      0.0010	      0.0003	      0.0023	      0.0000
   Compulsory misses	       48228	           0	       48228	       44172	        4056	           0
   Capacity misses	      278568	           0	      278568	       23040	      255528	           0
   Conflict misses	           0	           0	           0	           0	           0	           0
   Compulsory fraction	      0.1476	      0.0000	      0.1476	      0.6572	      0.0156	      0.0000
   Capacity fraction	      0.8524	      0.0000	      0.8524	      0.3428	      0.9844	      0.0000
   Conflict fraction	      0.0000	      0.0000	      0.0000	      0.0000	      0.0000	      0.0000

 Multi-block refs                 0
 Bytes From Memory	    20914944
 ( / Demand Fetches)	      0.0622
 Bytes To Memory	    16613376
 ( / Demand Writes)	      0.1481
 Total Bytes r/w Mem	    37528320
 ( / Demand Fetches)	      0.1116

---Execution complete.
