---Dinero IV cache simulator, version 7
---Written by Jan Edler and Mark D. Hill
---Copyright (C) 1997 NEC Research Institute, Inc. and Mark D. Hill.
---All rights reserved.
---Copyright (C) 1985, 1989 Mark D. Hill.  All rights reserved.
---See -copyright option for details

---Summary of options (-help option gives usage information).

-l1-isize 8192
-l1-dsize 262144
-l1-ibsize 16
-l1-dbsize 64
-l1-isbsize 16
-l1-dsbsize 64
-l1-iassoc 1
-l1-dassoc 4096
-l1-irepl f
-l1-drepl l
-l1-ifetch d
-l1-dfetch d
-l1-dwalloc a
-l1-dwback a
-l1-iccc
-l1-dccc
-skipcount 0
-flushcount 0
-maxcount 0
-stat-interval 0
-informat d
-on-trigger 0x0
-off-trigger 0x0

---Simulation begins.
---Simulation complete.
l1-icache
 Metrics		      Total	      Instrn	       Data	       Read	      Write	       Misc
 -----------------	      ------	      ------	      ------	      ------	      ------	      ------
 Demand Fetches		           0	           0	           0	           0	           0	           0
  Fraction of total	      0.0000	      0.0000	      0.0000	      0.0000	      0.0000	      0.0000

 Demand Misses		           0	           0	           0	           0	           0	           0
  Demand miss rate	      0.0000	      0.0000	      0.0000	      0.0000	      0.0000	      0.0000
   Compulsory misses	           0	           0	           0	           0	           0	           0
   Capacity misses	           0	           0	           0	           0	           0	           0
   Conflict misses	           0	           0	           0	           0	           0	           0
   Compulsory fraction	      0.0000	      0.0000	      0.0000	      0.0000	      0.0000	      0.0000
   Capacity fraction	      0.0000	      0.0000	      0.0000	      0.0000	      0.0000	      0.0000
   Conflict fraction	      0.0000	      0.0000	      0.0000	      0.0000	      0.0000	      0.0000

 Multi-block refs                 0
 Bytes From Memory	           0
 ( / Demand Fetches)	      0.0000
 Bytes To Memory	           0
 ( / Demand Writes)	      0.0000
 Total Bytes r/w Mem	           0
 ( / Demand Fetches)	      0.0000

l1-dcache
 Metrics		      Total	      Instrn	       Data	       Read	      Write	       Misc
 -----------------	      ------	      ------	      ------	      ------	      ------	      ------
 Demand Fetches		   336420864	           0	   336420864	   224280576	   112140288	           0
  Fraction of total	      1.0000	      0.0000	      1.0000	      0.6667	      0.3333	      0.0000

 Demand Misses		      113676	           0	      113676	       48780	       64896	           0
  Demand miss rate	      0.0003	      0.0000	      0.0003	      0.0002	      0.0006	      0.0000
   Compulsory misses	       48228	           0	       48228	       44172	        4056	           0
   Capacity misses	       65448	           0	       65448	        4608	       60840	           0
   Conflict misses	           0	           0	           0	           0	           0	           0
   Compulsory fraction	      0.4243	      0.0000	      0.4243	      0.9055	      0.0625	      0.0000
   Capacity fraction	      0.5757	      0.0000	      0.5757	      0.0945	      0.9375	      0.0000
   Conflict fraction	      0.0000	      0.0000	      0.0000	      0.0000	      0.0000	      0.0000

 Multi-block refs                 0
 Bytes From Memory	     7275264
 ( / Demand Fetches)	      0.0216
 Bytes To Memory	     4153344
 ( / Demand Writes)	      0.0370
 Total Bytes r/w Mem	    11428608
 ( / Demand Fetches)	      0.0340

---Execution complete.
