---Dinero IV cache simulator, version 7
---Written by Jan Edler and Mark D. Hill
---Copyright (C) 1997 NEC Research Institute, Inc. and Mark D. Hill.
---All rights reserved.
---Copyright (C) 1985, 1989 Mark D. Hill.  All rights reserved.
---See -copyright option for details

---Summary of options (-help option gives usage information).

-l1-isize 8192
-l1-dsize 262144
-l1-ibsize 16
-l1-dbsize 64
-l1-isbsize 16
-l1-dsbsize 64
-l1-iassoc 1
-l1-dassoc 4096
-l1-irepl f
-l1-drepl l
-l1-ifetch d
-l1-dfetch d
-l1-dwalloc a
-l1-dwback a
-l1-iccc
-l1-dccc
-skipcount 0
-flushcount 0
-maxcount 0
-stat-interval 0
-informat d
-on-trigger 0x0
-off-trigger 0x0

---Simulation begins.
---Simulation complete.
l1-icache
 Metrics		      Total	      Instrn	       Data	       Read	      Write	       Misc
 -----------------	      ------	      ------	      ------	      ------	      ------	      ------
 Demand Fetches		           0	           0	           0	           0	           0	           0
  Fraction of total	      0.0000	      0.0000	      0.0000	      0.0000	      0.0000	      0.0000

 Demand Misses		           0	           0	           0	           0	           0	           0
  Demand miss rate	      0.0000	      0.0000	      0.0000	      0.0000	      0.0000	      0.0000
   Compulsory misses	           0	           0	           0	           0	           0	           0
   Capacity misses	           0	           0	           0	           0	           0	           0
   Conflict misses	           0	           0	           0	           0	           0	           0
   Compulsory fraction	      0.0000	      0.0000	      0.0000	      0.0000	      0.0000	      0.0000
   Capacity fraction	      0.0000	      0.0000	      0.0000	      0.0000	      0.0000	      0.0000
   Conflict fraction	      0.0000	      0.0000	      0.0000	      0.0000	      0.0000	      0.0000

 Multi-block refs                 0
 Bytes From Memory	           0
 ( / Demand Fetches)	      0.0000
 Bytes To Memory	           0
 ( / Demand Writes)	      0.0000
 Total Bytes r/w Mem	           0
 ( / Demand Fetches)	      0.0000

l1-dcache
 Metrics		      Total	      Instrn	       Data	       Read	      Write	       Misc
 -----------------	      ------	      ------	      ------	      ------	      ------	      ------
 Demand Fetches		   448561152	           0	   448561152	   299040768	   149520384	           0
  Fraction of total	      1.0000	      0.0000	      1.0000	      0.6667	      0.3333	      0.0000

 Demand Misses		     9479232	           0	     9479232	     9474816	        4416	           0
  Demand miss rate	      0.0211	      0.0000	      0.0211	      0.0317	      0.0000	      0.0000
   Compulsory misses	       62952	           0	       62952	       58896	        4056	           0
   Capacity misses	     9416280	           0	     9416280	     9415920	         360	           0
   Conflict misses	           0	           0	           0	           0	           0	           0
   Compulsory fraction	      0.0066	      0.0000	      0.0066	      0.0062	      0.9185	      0.0000
   Capacity fraction	      0.9934	      0.0000	      0.9934	      0.9938	      0.0815	      0.0000
   Conflict fraction	      0.0000	      0.0000	      0.0000	      0.0000	      0.0000	      0.0000

 Multi-block refs                 0
 Bytes From Memory	   606670848
 ( / Demand Fetches)	      1.3525
 Bytes To Memory	      282624
 ( / Demand Writes)	      0.0019
 Total Bytes r/w Mem	   606953472
 ( / Demand Fetches)	      1.3531

---Execution complete.
